Files already downloaded and verified
Files already downloaded and verified
Using device: cpu
Training loss: 3.7390074158201414
Training loss: 3.0042595133489494
Training loss: 2.5817412253545253
Training loss: 2.2670025022662417
Training loss: 2.0421100635917817
Number Of Images Tested = 10000
Model Accuracy = 0.2742

real	1m58.986s
user	34m28.227s
sys	1m3.306s
Files already downloaded and verified
Files already downloaded and verified
Using device: cuda:0
Training loss: 3.732817031899277
Training loss: 3.001658777801358
Training loss: 2.589051218665376
Training loss: 2.2609813097788365
Training loss: 2.0077339331714477
Number Of Images Tested = 10000
Model Accuracy = 0.2992

real	0m47.986s
user	0m45.482s
sys	0m1.375s
Files already downloaded and verified
Files already downloaded and verified
Using device: cuda:0
Training loss: 3.7369401637388737
Training loss: 3.0026058068080825
Training loss: 2.5848210520890293
Training loss: 2.2620932380763854
Training loss: 1.999074280870204
Number Of Images Tested = 10000
Model Accuracy = 0.2578

real	1m48.072s
user	2m21.798s
sys	0m3.272s
Files already downloaded and verified
Files already downloaded and verified
Using device: cuda:0
Training loss: 3.7898184900381127
Training loss: 3.0508694575757396
Training loss: 2.6149822357965977
Training loss: 2.2670414459948636
Training loss: 2.025807815546892
Number Of Images Tested = 10000
Model Accuracy = 0.2663

real	1m47.729s
user	2m49.527s
sys	0m5.338s
